<?xml version="1.0" encoding="UTF-8"?>
<!-- Generated by org.testng.reporters.JUnitReportReporter -->
<testsuite hostname="LAPTOP-KD2D5JN7" failures="0" tests="1" name="Tests.HIDGlobalRestAPI" time="6.082" errors="0" timestamp="2024-01-24T15:04:55 IST" skipped="0">
  <testcase classname="Tests.HIDGlobalRestAPI" name="GetCall" time="6.082"/>
</testsuite> <!-- Tests.HIDGlobalRestAPI -->
