<?xml version="1.0" encoding="UTF-8"?>
<!-- Generated by org.testng.reporters.JUnitReportReporter -->
<testsuite hostname="LAPTOP-KD2D5JN7" failures="0" tests="1" name="Tests.HID" time="5.124" errors="0" timestamp="2024-01-23T22:56:00 IST" skipped="0">
  <testcase classname="Tests.HID" name="assignment1" time="5.124"/>
</testsuite> <!-- Tests.HID -->
