<?xml version="1.0" encoding="UTF-8"?>
<!-- Generated by org.testng.reporters.JUnitReportReporter -->
<testsuite hostname="LAPTOP-KD2D5JN7" failures="0" tests="5" name="TestRunner.TestRunner" time="90.178" errors="0" timestamp="2024-01-24T22:05:23 IST" skipped="0">
  <testcase classname="TestRunner.TestRunner" name="runScenario" time="10.611"/>
  <testcase classname="TestRunner.TestRunner" name="runScenario" time="9.550"/>
  <testcase classname="TestRunner.TestRunner" name="runScenario" time="15.400"/>
  <testcase classname="TestRunner.TestRunner" name="runScenario" time="45.258"/>
  <testcase classname="TestRunner.TestRunner" name="runScenario" time="9.359"/>
</testsuite> <!-- TestRunner.TestRunner -->
